<?xml version="1.0" encoding="UTF-8" ?>
<testsuite tests="2" failures="0" name="com.lsx.dao.IUserDaoTest" time="1.814" errors="0" skipped="0">
  <properties>
    <property name="java.runtime.name" value="Java(TM) SE Runtime Environment"/>
    <property name="sun.boot.library.path" value="F:\program\jdk_8\jre\bin"/>
    <property name="java.vm.version" value="25.221-b11"/>
    <property name="java.vm.vendor" value="Oracle Corporation"/>
    <property name="maven.multiModuleProjectDirectory" value="F:\vbshare\java_study\05Framework_mybatis_day16_002daoimpl"/>
    <property name="java.vendor.url" value="http://java.oracle.com/"/>
    <property name="path.separator" value=";"/>
    <property name="guice.disable.misplaced.annotation.check" value="true"/>
    <property name="java.vm.name" value="Java HotSpot(TM) 64-Bit Server VM"/>
    <property name="file.encoding.pkg" value="sun.io"/>
    <property name="user.script" value=""/>
    <property name="user.country" value="CN"/>
    <property name="sun.java.launcher" value="SUN_STANDARD"/>
    <property name="sun.os.patch.level" value="Service Pack 1"/>
    <property name="java.vm.specification.name" value="Java Virtual Machine Specification"/>
    <property name="user.dir" value="F:\vbshare\java_study\05Framework_mybatis_day16_002daoimpl"/>
    <property name="java.runtime.version" value="1.8.0_221-b11"/>
    <property name="java.awt.graphicsenv" value="sun.awt.Win32GraphicsEnvironment"/>
    <property name="java.endorsed.dirs" value="F:\program\jdk_8\jre\lib\endorsed"/>
    <property name="os.arch" value="amd64"/>
    <property name="java.io.tmpdir" value="C:\Users\ADMINI~1\AppData\Local\Temp\"/>
    <property name="line.separator" value="
"/>
    <property name="java.vm.specification.vendor" value="Oracle Corporation"/>
    <property name="user.variant" value=""/>
    <property name="os.name" value="Windows 7"/>
    <property name="archetypeCatalog" value="internal"/>
    <property name="classworlds.conf" value="F:\program\apache-maven-3.6.1\bin\m2.conf"/>
    <property name="sun.jnu.encoding" value="GBK"/>
    <property name="java.library.path" value="F:\program\jdk_8\bin;C:\Windows\Sun\Java\bin;C:\Windows\system32;C:\Windows;F:\program\xshell\;C:\Program Files (x86)\Common Files\Oracle\Java\javapath;D:\anacoda;D:\anacoda\Library\mingw-w64\bin;D:\anacoda\Library\usr\bin;D:\anacoda\Library\bin;D:\anacoda\Scripts;C:\Windows\system32;C:\Windows;C:\Windows\System32\Wbem;C:\Windows\System32\WindowsPowerShell\v1.0\;C:\Program Files (x86)\NVIDIA Corporation\PhysX\Common;C:\Program Files\TortoiseSVN\bin;C:\ProgramData\ComposerSetup\bin;D:\phpStudy2018\PHPTutorial\php\php-7.1.13-nts\;C:\Users\Administrator\AppData\Roaming\Composer\vendor\bin;F:\program\nodejs\;F:\program\jdk_8;F:\program\git\cmd;F:\program\jdk_8\bin;%CATALINE_HOME%;F:\program\apache-maven-3.6.1;F:\program\apache-maven-3.6.1\bin\;C:\Users\Administrator\AppData\Roaming\Composer\vendor\bin;C:\Program Files\TortoiseSVN\bin;D:\phpStudy2018\PHPTutorial\MySQL\bin;D:\ws;C:\Users\Administrator\AppData\Roaming\npm;F:\program\apache-maven-3.6.1;."/>
    <property name="maven.conf" value="F:\program\apache-maven-3.6.1/conf"/>
    <property name="java.specification.name" value="Java Platform API Specification"/>
    <property name="java.class.version" value="52.0"/>
    <property name="sun.management.compiler" value="HotSpot 64-Bit Tiered Compilers"/>
    <property name="os.version" value="6.1"/>
    <property name="user.home" value="C:\Users\Administrator"/>
    <property name="user.timezone" value="Asia/Shanghai"/>
    <property name="java.awt.printerjob" value="sun.awt.windows.WPrinterJob"/>
    <property name="java.specification.version" value="1.8"/>
    <property name="file.encoding" value="UTF-8"/>
    <property name="user.name" value="Administrator"/>
    <property name="java.class.path" value="F:\program\apache-maven-3.6.1\boot\plexus-classworlds-2.6.0.jar;F:\program\intellij\lib\idea_rt.jar"/>
    <property name="java.vm.specification.version" value="1.8"/>
    <property name="sun.arch.data.model" value="64"/>
    <property name="java.home" value="F:\program\jdk_8\jre"/>
    <property name="sun.java.command" value="org.codehaus.classworlds.Launcher -Didea.version2019.1.3 test"/>
    <property name="java.specification.vendor" value="Oracle Corporation"/>
    <property name="user.language" value="zh"/>
    <property name="awt.toolkit" value="sun.awt.windows.WToolkit"/>
    <property name="idea.version2019.1.3" value="true"/>
    <property name="java.vm.info" value="mixed mode"/>
    <property name="java.version" value="1.8.0_221"/>
    <property name="java.ext.dirs" value="F:\program\jdk_8\jre\lib\ext;C:\Windows\Sun\Java\lib\ext"/>
    <property name="sun.boot.class.path" value="F:\program\jdk_8\jre\lib\resources.jar;F:\program\jdk_8\jre\lib\rt.jar;F:\program\jdk_8\jre\lib\sunrsasign.jar;F:\program\jdk_8\jre\lib\jsse.jar;F:\program\jdk_8\jre\lib\jce.jar;F:\program\jdk_8\jre\lib\charsets.jar;F:\program\jdk_8\jre\lib\jfr.jar;F:\program\jdk_8\jre\classes"/>
    <property name="java.vendor" value="Oracle Corporation"/>
    <property name="maven.home" value="F:\program\apache-maven-3.6.1"/>
    <property name="file.separator" value="\"/>
    <property name="java.vendor.url.bug" value="http://bugreport.sun.com/bugreport/"/>
    <property name="sun.cpu.endian" value="little"/>
    <property name="sun.io.unicode.encoding" value="UnicodeLittle"/>
    <property name="sun.desktop" value="windows"/>
    <property name="sun.cpu.isalist" value="amd64"/>
  </properties>
  <testcase classname="com.lsx.dao.IUserDaoTest" name="getAllTest2" time="1.814"/>
  <testcase classname="com.lsx.dao.IUserDaoTest" name="getAllTest" time="0"/>
</testsuite>